#
# A fatal error has been detected by the Java Runtime Environment:
#
#  Internal Error (javaClasses.cpp:126), pid=46468, tid=28892
#  fatal error: Invalid layout of preloaded class
#
# JRE version:  (8.0_25-b18) (build )
# Java VM: Java HotSpot(TM) 64-Bit Server VM (25.25-b02 mixed mode windows-amd64 compressed oops)
# Failed to write core dump. Minidumps are not enabled by default on client versions of Windows
#
# If you would like to submit a bug report, please visit:
#   http://bugreport.sun.com/bugreport/crash.jsp
#

---------------  T H R E A D  ---------------

Current thread (0x0000000002420800):  JavaThread "Unknown thread" [_thread_in_vm, id=28892, stack(0x0000000002320000,0x0000000002420000)]

Stack: [0x0000000002320000,0x0000000002420000]
Native frames: (J=compiled Java code, j=interpreted, Vv=VM code, C=native code)
V  [jvm.dll+0x31667a]
V  [jvm.dll+0x267073]
V  [jvm.dll+0x267cb3]
V  [jvm.dll+0x25f536]
V  [jvm.dll+0x5e773]
V  [jvm.dll+0x5e863]
V  [jvm.dll+0x731ca]
V  [jvm.dll+0x73528]
V  [jvm.dll+0xe48b7]
V  [jvm.dll+0xe4c46]
V  [jvm.dll+0x1f9ae7]
V  [jvm.dll+0x22b2e4]
V  [jvm.dll+0x14d571]
C  [javaw.exe+0x20c6]
C  [javaw.exe+0xc9eb]
C  [javaw.exe+0xca7f]
C  [KERNEL32.DLL+0x13d2]
C  [ntdll.dll+0x15454]


---------------  P R O C E S S  ---------------

Java Threads: ( => current thread )

Other Threads:

=>0x0000000002420800 (exited) JavaThread "Unknown thread" [_thread_in_vm, id=28892, stack(0x0000000002320000,0x0000000002420000)]

VM state:not at safepoint (not fully initialized)

VM Mutex/Monitor currently owned by a thread: None

GC Heap History (0 events):
No events

Deoptimization events (0 events):
No events

Internal exceptions (0 events):
No events

Events (10 events):
Event: 0.052 loading class java/lang/CharSequence done
Event: 0.053 loading class java/lang/String done
Event: 0.053 loading class java/lang/Class
Event: 0.053 loading class java/lang/reflect/AnnotatedElement
Event: 0.053 loading class java/lang/reflect/AnnotatedElement done
Event: 0.053 loading class java/lang/reflect/GenericDeclaration
Event: 0.054 loading class java/lang/reflect/GenericDeclaration done
Event: 0.054 loading class java/lang/reflect/Type
Event: 0.054 loading class java/lang/reflect/Type done
Event: 0.054 loading class java/lang/Class done


Dynamic libraries:
0x00007ff65c3d0000 - 0x00007ff65c404000 	C:\Program Files\Java\jre1.8.0_25\bin\javaw.exe
0x00007ff951340000 - 0x00007ff9514ec000 	C:\Windows\SYSTEM32\ntdll.dll
0x00007ff9501c0000 - 0x00007ff9502fe000 	C:\Windows\system32\KERNEL32.DLL
0x00007ff94e670000 - 0x00007ff94e785000 	C:\Windows\system32\KERNELBASE.dll
0x00007ff94d010000 - 0x00007ff94d09e000 	C:\Windows\system32\apphelp.dll
0x00007ff9445c0000 - 0x00007ff944613000 	C:\Windows\AppPatch\AppPatch64\AcGenral.DLL
0x00007ff950aa0000 - 0x00007ff950b4a000 	C:\Windows\system32\msvcrt.dll
0x00007ff94e2c0000 - 0x00007ff94e2ee000 	C:\Windows\SYSTEM32\SspiCli.dll
0x00007ff9512e0000 - 0x00007ff951334000 	C:\Windows\system32\SHLWAPI.dll
0x00007ff9508b0000 - 0x00007ff950a27000 	C:\Windows\system32\USER32.dll
0x00007ff951140000 - 0x00007ff9512d4000 	C:\Windows\system32\ole32.dll
0x00007ff94ec90000 - 0x00007ff9501bb000 	C:\Windows\system32\SHELL32.dll
0x00007ff94da30000 - 0x00007ff94da51000 	C:\Windows\SYSTEM32\USERENV.dll
0x00007ff950e00000 - 0x00007ff950eaa000 	C:\Windows\system32\ADVAPI32.dll
0x00007ff9465c0000 - 0x00007ff9465de000 	C:\Windows\SYSTEM32\MPR.dll
0x00007ff950b50000 - 0x00007ff950c91000 	C:\Windows\system32\RPCRT4.dll
0x00007ff950770000 - 0x00007ff9507c9000 	C:\Windows\SYSTEM32\sechost.dll
0x00007ff950eb0000 - 0x00007ff9510c1000 	C:\Windows\SYSTEM32\combase.dll
0x00007ff950340000 - 0x00007ff950490000 	C:\Windows\system32\GDI32.dll
0x00007ff94e490000 - 0x00007ff94e4a5000 	C:\Windows\SYSTEM32\profapi.dll
0x00007ff94c9e0000 - 0x00007ff94ca92000 	C:\Windows\SYSTEM32\SHCORE.dll
0x00007ff950550000 - 0x00007ff950586000 	C:\Windows\system32\IMM32.DLL
0x00007ff950ca0000 - 0x00007ff950df2000 	C:\Windows\system32\MSCTF.dll
0x00007ff94c560000 - 0x00007ff94c7da000 	C:\Windows\WinSxS\amd64_microsoft.windows.common-controls_6595b64144ccf1df_6.0.9600.17810_none_6240b9c7ecbd0bda\COMCTL32.dll
0x00000000641a0000 - 0x0000000064272000 	C:\Program Files\Java\jre1.8.0_25\bin\msvcr100.dll
0x00000000637e0000 - 0x000000006403a000 	C:\Program Files\Java\jre1.8.0_25\bin\server\jvm.dll
0x00007ff94c060000 - 0x00007ff94c069000 	C:\Windows\SYSTEM32\WSOCK32.dll
0x00007ff949840000 - 0x00007ff949862000 	C:\Windows\SYSTEM32\WINMM.dll
0x00007ff9508a0000 - 0x00007ff9508a7000 	C:\Windows\system32\PSAPI.DLL
0x00007ff9510d0000 - 0x00007ff95112a000 	C:\Windows\system32\WS2_32.dll
0x00007ff949580000 - 0x00007ff9495aa000 	C:\Windows\SYSTEM32\WINMMBASE.dll
0x00007ff950330000 - 0x00007ff950339000 	C:\Windows\system32\NSI.dll
0x00007ff94e970000 - 0x00007ff94e9bf000 	C:\Windows\SYSTEM32\cfgmgr32.dll
0x00007ff94d2b0000 - 0x00007ff94d2d8000 	C:\Windows\SYSTEM32\DEVOBJ.dll
0x00000000648e0000 - 0x00000000648ef000 	C:\Program Files\Java\jre1.8.0_25\bin\verify.dll
0x00000000648b0000 - 0x00000000648d8000 	C:\Program Files\Java\jre1.8.0_25\bin\java.dll
0x0000000064890000 - 0x00000000648a6000 	C:\Program Files\Java\jre1.8.0_25\bin\zip.dll
0x00007ff946020000 - 0x00007ff9461a9000 	C:\Windows\SYSTEM32\dbghelp.dll

VM Arguments:
jvm_args: -Dfile.encoding=UTF-8 -Xbootclasspath:D:\adt-bundle-windows-x86_64-20140321\sdk\platforms\android-20\android.jar 
java_command: test
java_class_path (initial): D:\workspace\RoomHelper\libs\android-async-http-1.4.8.jar;D:\workspace\RoomHelper\libs\universal-image-loader-1.9.4.jar;D:\workspace\RoomHelper\libs\android-support-v4.jar;D:\workspace\RoomHelper\libs\gson-2.2.1.jar;D:\workspace\RoomHelper\bin\classes
Launcher Type: SUN_STANDARD

Environment Variables:
JAVA_HOME=C:\Program Files\Java\jdk1.7.0_13
PATH=C:/Program Files/Java/jre1.8.0_25/bin/server;C:/Program Files/Java/jre1.8.0_25/bin;C:/Program Files/Java/jre1.8.0_25/lib/amd64;C:\ProgramData\Oracle\Java\javapath;C:\Program Files (x86)\Git\bin;D:\adt-bundle-windows-x86-20131019\sdk\platform-tools;D:\android\android-ndk-r10d;D:\adt-bundle-windows-x86_64\sdk\tools;D:\Dev\apache-ant-1.9.6\lib;D:\Dev\apache-ant-1.9.6\bin;D:\androidsoft\android-ndk-r7b;D:\adt-bundle-windows-x86_64\sdk\platform-tools;D:\adt-bundle-windows-x86_64\sdk\platform-tools;C:\Program Files\Java\jdk1.7.0_13\bin;C:\Program Files (x86)\Intel\iCLS Client\;C:\Program Files\Intel\iCLS Client\;C:\Program Files (x86)\NVIDIA Corporation\PhysX\Common;C:\Windows\system32;C:\Windows;C:\Windows\System32\Wbem;C:\Windows\System32\WindowsPowerShell\v1.0\;C:\Program Files (x86)\Acer\abFiles\;C:\Program Files\Intel\Intel(R) Management Engine Components\DAL;C:\Program Files (x86)\Intel\Intel(R) Management Engine Components\DAL;C:\Program Files\Intel\Intel(R) Management Engine Components\IPT;C:\Program Files (x86)\Intel\Intel(R) Management Engine Components\IPT;C:\Program Files\TortoiseSVN\bin;C:\Program Files\TortoiseGit\bin;D:\adt-bundle-windows-x86_64-20140321\eclipse;
USERNAME=peng
OS=Windows_NT
PROCESSOR_IDENTIFIER=Intel64 Family 6 Model 61 Stepping 4, GenuineIntel



---------------  S Y S T E M  ---------------

OS: Windows 8.1 , 64 bit Build 9600 

CPU:total 4 (2 cores per cpu, 2 threads per core) family 6 model 61 stepping 4, cmov, cx8, fxsr, mmx, sse, sse2, sse3, ssse3, sse4.1, sse4.2, popcnt, avx, avx2, aes, clmul, erms, lzcnt, ht, tsc, tscinvbit, bmi1, bmi2

Memory: 4k page, physical 8300880k(4498776k free), swap 10791248k(5896492k free)

vm_info: Java HotSpot(TM) 64-Bit Server VM (25.25-b02) for windows-amd64 JRE (1.8.0_25-b18), built on Oct  7 2014 14:25:37 by "java_re" with MS VC++ 10.0 (VS2010)

time: Mon Dec 28 23:51:22 2015
elapsed time: 0 seconds (0d 0h 0m 0s)

